

Version:	3.4
CmdLine:	C:\Users\wdp\Documents\java_work\SwingProject\MMP.exe --l4j-debug
WOW64:		yes
Working dir:	C:\Users\wdp\Documents\java_work\SwingProject\.
64-bit search:	SOFTWARE\JavaSoft\Java Runtime Environment...
Check:		SOFTWARE\JavaSoft\Java Runtime Environment\1.8
Check launcher:	C:\Program Files\Java\jre1.8.0_221\bin\javaw.exe (OK)
Match:		1.8
Check:		SOFTWARE\JavaSoft\Java Runtime Environment\1.8.0_221
Check launcher:	C:\Program Files\Java\jre1.8.0_221\bin\javaw.exe (OK)
Match:		1.8.0_221
64-bit search:	SOFTWARE\JavaSoft\Java Development Kit...
Check:		SOFTWARE\JavaSoft\Java Development Kit\1.8
Ignore:		1.8
Check:		SOFTWARE\JavaSoft\Java Development Kit\1.8.0_221
Ignore:		1.8.0_221
Runtime used:	1.8.0_221 (64-bit)
Add classpath:	.
Launcher:	C:\Program Files\Java\jre1.8.0_221\bin\javaw.exe
Launcher args:	-classpath "C:\Users\wdp\Documents\java_work\SwingProject\MMP.exe;." org.comstudy21.mms.client.MMClient
Args length:	103/32768 chars
Exit code:	0


Version:	3.4
CmdLine:	C:\Users\wdp\Documents\java_work\SwingProject\MMP.exe --l4j-debug
WOW64:		yes
Working dir:	C:\Users\wdp\Documents\java_work\SwingProject\.
64-bit search:	SOFTWARE\JavaSoft\Java Runtime Environment...
Check:		SOFTWARE\JavaSoft\Java Runtime Environment\1.8
Check launcher:	C:\Program Files\Java\jre1.8.0_221\bin\javaw.exe (OK)
Match:		1.8
Check:		SOFTWARE\JavaSoft\Java Runtime Environment\1.8.0_221
Check launcher:	C:\Program Files\Java\jre1.8.0_221\bin\javaw.exe (OK)
Match:		1.8.0_221
64-bit search:	SOFTWARE\JavaSoft\Java Development Kit...
Check:		SOFTWARE\JavaSoft\Java Development Kit\1.8
Ignore:		1.8
Check:		SOFTWARE\JavaSoft\Java Development Kit\1.8.0_221
Ignore:		1.8.0_221
Runtime used:	1.8.0_221 (64-bit)
Add classpath:	.
Launcher:	C:\Program Files\Java\jre1.8.0_221\bin\javaw.exe
Launcher args:	-classpath "C:\Users\wdp\Documents\java_work\SwingProject\MMP.exe;." org.comstudy21.mms.client.MMClient
Args length:	103/32768 chars
Exit code:	0


Version:	3.4
CmdLine:	C:\Users\wdp\Documents\java_work\SwingProject\MMP.exe --l4j-debug
WOW64:		yes
Working dir:	C:\Users\wdp\Documents\java_work\SwingProject\.
64-bit search:	SOFTWARE\JavaSoft\Java Runtime Environment...
Check:		SOFTWARE\JavaSoft\Java Runtime Environment\1.8
Check launcher:	C:\Program Files\Java\jre1.8.0_221\bin\javaw.exe (OK)
Match:		1.8
Check:		SOFTWARE\JavaSoft\Java Runtime Environment\1.8.0_221
Check launcher:	C:\Program Files\Java\jre1.8.0_221\bin\javaw.exe (OK)
Match:		1.8.0_221
64-bit search:	SOFTWARE\JavaSoft\Java Development Kit...
Check:		SOFTWARE\JavaSoft\Java Development Kit\1.8
Ignore:		1.8
Check:		SOFTWARE\JavaSoft\Java Development Kit\1.8.0_221
Ignore:		1.8.0_221
Runtime used:	1.8.0_221 (64-bit)
Add classpath:	.
Launcher:	C:\Program Files\Java\jre1.8.0_221\bin\javaw.exe
Launcher args:	-classpath "C:\Users\wdp\Documents\java_work\SwingProject\MMP.exe;." org.comstudy21.mms.client.MMClient
Args length:	103/32768 chars
Exit code:	0
